2026-03-05 18:23:43 [INFO   ] ============================================================
2026-03-05 18:23:43 [INFO   ] YooKassa CLI запущен
2026-03-05 18:23:43 [INFO   ] ============================================================
2026-03-05 18:23:43 [INFO   ] Загрузка конфигурации из C:\Users\oleg\Documents\GitHub\yookassa_cli\config.yaml
2026-03-05 18:23:43 [DEBUG  ] Конфигурация загружена: shop_id=1290955, callback=localhost:8765
2026-03-05 18:23:43 [INFO   ] SDK настроен: shop_id=1290955
2026-03-05 18:23:48 [DEBUG  ] Ввод: 'ФИО покупателя' -> 'Шубин ОМ'
2026-03-05 18:23:54 [DEBUG  ] Ввод: 'Телефон (например, +79001234567)' -> '+79165640299'
2026-03-05 18:24:03 [DEBUG  ] Ввод: 'Email' -> 'olegshubin@gmail.com'
2026-03-05 18:24:03 [INFO   ] Покупатель: Шубин ОМ, тел: +79165640299, email: olegshubin@gmail.com
2026-03-05 18:24:36 [DEBUG  ] Ввод: 'Название товара' -> 'RIO GRANDE 707'
2026-03-05 18:24:39 [DEBUG  ] Ввод: 'Цена за единицу (руб.)' -> '3000'
2026-03-05 18:24:40 [DEBUG  ] Ввод: 'Количество' -> '1'
2026-03-05 18:24:40 [INFO   ] Товар добавлен: RIO GRANDE 707 x1 @ 3000.00 = 3000.00 руб. (НДС код: 11)
2026-03-05 18:24:54 [DEBUG  ] Ввод: 'Название товара' -> 'Молочный Улун 550096'
2026-03-05 18:24:57 [DEBUG  ] Ввод: 'Цена за единицу (руб.)' -> '1200'
2026-03-05 18:24:58 [DEBUG  ] Ввод: 'Количество' -> '1'
2026-03-05 18:24:58 [INFO   ] Товар добавлен: Молочный Улун 550096 x1 @ 1200.00 = 1200.00 руб. (НДС код: 11)
2026-03-05 18:25:07 [DEBUG  ] Ввод: 'Название товара' -> 'Английский завтрак 550090'
2026-03-05 18:25:11 [DEBUG  ] Ввод: 'Цена за единицу (руб.)' -> '1250'
2026-03-05 18:25:11 [DEBUG  ] Ввод: 'Количество' -> '1'
2026-03-05 18:25:11 [INFO   ] Товар добавлен: Английский завтрак 550090 x1 @ 1250.00 = 1250.00 руб. (НДС код: 11)
2026-03-05 18:25:14 [INFO   ] Всего товаров: 3
2026-03-05 18:25:17 [INFO   ] Карта: ****4477, срок: 05/30
2026-03-05 18:25:17 [INFO   ] Итого к оплате: 5450.00 руб.
2026-03-05 18:25:20 [INFO   ] Запуск callback-сервера на localhost:8765
2026-03-05 18:25:20 [INFO   ] Callback-сервер запущен
2026-03-05 18:25:20 [INFO   ] Создание платежа: сумма=5450.00 RUB, idempotence_key=3dcb619f-4f01-4a96-9bab-3b535afc58b3
2026-03-05 18:25:20 [DEBUG  ] Данные платежа:
{
  "amount": {
    "value": "5450.00",
    "currency": "RUB"
  },
  "capture": true,
  "confirmation": {
    "type": "redirect",
    "return_url": "http://localhost:8765/callback"
  },
  "receipt": {
    "customer": {
      "full_name": "Шубин ОМ",
      "phone": "+79165640299",
      "email": "olegshubin@gmail.com"
    },
    "items": [
      {
        "description": "RIO GRANDE 707",
        "quantity": "1",
        "amount": {
          "value": "3000.00",
          "currency": "RUB"
        },
        "vat_code": 11,
        "payment_mode": "full_payment",
        "payment_subject": "commodity"
      },
      {
        "description": "Молочный Улун 550096",
        "quantity": "1",
        "amount": {
          "value": "1200.00",
          "currency": "RUB"
        },
        "vat_code": 11,
        "payment_mode": "full_payment",
        "payment_subject": "commodity"
      },
      {
        "description": "Английский завтрак 550090",
        "quantity": "1",
        "amount": {
          "value": "1250.00",
          "currency": "RUB"
        },
        "vat_code": 11,
        "payment_mode": "full_payment",
        "payment_subject": "commodity"
      }
    ],
    "tax_system_code": 1
  },
  "description": "Оплата для Шубин ОМ"
}
2026-03-05 18:25:20 [INFO   ] Платёж создан: id=313bd040-000f-5000-8000-1671ab4ed7d7, status=pending
2026-03-05 18:25:20 [INFO   ] Confirmation URL: https://yoomoney.ru/checkout/payments/v2/contract?orderId=313bd040-000f-5000-8000-1671ab4ed7d7
2026-03-05 18:25:20 [DEBUG  ] Полный ответ: {"amount": {"currency": "RUB", "value": "5450.00"}, "confirmation": {"confirmation_url": "https://yoomoney.ru/checkout/payments/v2/contract?orderId=313bd040-000f-5000-8000-1671ab4ed7d7", "type": "redirect"}, "created_at": "2026-03-05T17:25:20.285Z", "description": "Оплата для Шубин ОМ", "id": "313bd040-000f-5000-8000-1671ab4ed7d7", "metadata": {"cms_name": "yookassa_sdk_python"}, "paid": false, "recipient": {"account_id": "1290955", "gateway_id": "2665921"}, "refundable": false, "status": "pending", "test": true}
2026-03-05 18:25:21 [INFO   ] Браузер открыт с URL: https://yoomoney.ru/checkout/payments/v2/contract?orderId=313bd040-000f-5000-8000-1671ab4ed7d7
2026-03-05 18:25:21 [INFO   ] Ожидание завершения платежа 313bd040-000f-5000-8000-1671ab4ed7d7 (таймаут: 300 сек)
2026-03-05 18:25:22 [DEBUG  ] Поллинг #1 (0 сек): статус=pending
2026-03-05 18:25:25 [DEBUG  ] Поллинг #2 (4 сек): статус=pending
2026-03-05 18:25:29 [DEBUG  ] Поллинг #3 (8 сек): статус=pending
2026-03-05 18:25:33 [DEBUG  ] Поллинг #4 (11 сек): статус=pending
2026-03-05 18:25:37 [DEBUG  ] Поллинг #5 (15 сек): статус=pending
2026-03-05 18:25:40 [DEBUG  ] Поллинг #6 (19 сек): статус=pending
2026-03-05 18:25:44 [DEBUG  ] Поллинг #7 (23 сек): статус=pending
2026-03-05 18:25:48 [DEBUG  ] Поллинг #8 (26 сек): статус=pending
2026-03-05 18:25:51 [DEBUG  ] Поллинг #9 (30 сек): статус=pending
2026-03-05 18:25:55 [DEBUG  ] Поллинг #10 (34 сек): статус=pending
2026-03-05 18:25:59 [DEBUG  ] Поллинг #11 (37 сек): статус=pending
2026-03-05 18:26:02 [DEBUG  ] Поллинг #12 (41 сек): статус=pending
2026-03-05 18:26:06 [DEBUG  ] Поллинг #13 (45 сек): статус=pending
2026-03-05 18:26:10 [DEBUG  ] Поллинг #14 (48 сек): статус=succeeded
2026-03-05 18:26:10 [INFO   ] Финальный статус: succeeded (после 48 сек, 14 запросов)
2026-03-05 18:26:10 [INFO   ] УСПЕХ: платёж 313bd040-000f-5000-8000-1671ab4ed7d7, сумма 5450.00 RUB
2026-03-05 18:26:10 [INFO   ] Callback-сервер остановлен
2026-03-05 18:26:10 [INFO   ] Сессия завершена
2026-03-05 18:29:16 [INFO   ] ============================================================
2026-03-05 18:29:16 [INFO   ] YooKassa CLI запущен
2026-03-05 18:29:16 [INFO   ] ============================================================
2026-03-05 18:29:16 [INFO   ] Загрузка конфигурации из C:\Users\oleg\Documents\GitHub\yookassa_cli\config.yaml
2026-03-05 18:29:16 [DEBUG  ] Конфигурация загружена: shop_id=1290955, callback=localhost:8765
2026-03-05 18:29:16 [INFO   ] SDK настроен: shop_id=1290955
2026-03-05 18:29:16 [DEBUG  ] Ввод: 'ФИО покупателя' -> 'Сидоров Алексей Петрович'
2026-03-05 18:29:16 [DEBUG  ] Ввод: 'Телефон (например, +79001234567)' -> '+79031112233'
2026-03-05 18:29:16 [DEBUG  ] Ввод: 'Email' -> 'sidorov@test.ru'
2026-03-05 18:29:16 [INFO   ] Покупатель: Сидоров Алексей Петрович, тел: +79031112233, email: sidorov@test.ru
2026-03-05 18:29:16 [DEBUG  ] Ввод: 'Название товара' -> 'Наушники Bluetooth'
2026-03-05 18:29:16 [DEBUG  ] Ввод: 'Цена за единицу (руб.)' -> '2500'
2026-03-05 18:29:16 [DEBUG  ] Ввод: 'Количество' -> '1'
2026-03-05 18:29:16 [INFO   ] Товар добавлен: Наушники Bluetooth x1 @ 2500.00 = 2500.00 руб. (НДС код: 11)
2026-03-05 18:29:16 [INFO   ] Всего товаров: 1
2026-03-05 18:29:16 [INFO   ] Карта: ****4477, срок: 05/30
2026-03-05 18:29:16 [INFO   ] Итого к оплате: 2500.00 руб.
2026-03-05 18:29:16 [INFO   ] Запуск callback-сервера на localhost:8765
2026-03-05 18:29:16 [INFO   ] Callback-сервер запущен
2026-03-05 18:29:16 [INFO   ] Создание платежа: сумма=2500.00 RUB, idempotence_key=feb9bf90-1cf0-47e8-84e3-93c5e93b5e0c
2026-03-05 18:29:16 [DEBUG  ] Данные платежа:
{
  "amount": {
    "value": "2500.00",
    "currency": "RUB"
  },
  "capture": true,
  "confirmation": {
    "type": "redirect",
    "return_url": "http://localhost:8765/callback"
  },
  "receipt": {
    "customer": {
      "full_name": "Сидоров Алексей Петрович",
      "phone": "+79031112233",
      "email": "sidorov@test.ru"
    },
    "items": [
      {
        "description": "Наушники Bluetooth",
        "quantity": "1",
        "amount": {
          "value": "2500.00",
          "currency": "RUB"
        },
        "vat_code": 11,
        "payment_mode": "full_payment",
        "payment_subject": "commodity"
      }
    ],
    "tax_system_code": 1
  },
  "description": "Оплата для Сидоров Алексей Петрович"
}
2026-03-05 18:29:17 [INFO   ] Платёж создан: id=313bd12c-000f-5000-b000-14a112938ed8, status=pending
2026-03-05 18:29:17 [INFO   ] Confirmation URL: https://yoomoney.ru/checkout/payments/v2/contract?orderId=313bd12c-000f-5000-b000-14a112938ed8
2026-03-05 18:29:17 [DEBUG  ] Полный ответ: {"amount": {"currency": "RUB", "value": "2500.00"}, "confirmation": {"confirmation_url": "https://yoomoney.ru/checkout/payments/v2/contract?orderId=313bd12c-000f-5000-b000-14a112938ed8", "type": "redirect"}, "created_at": "2026-03-05T17:29:16.503Z", "description": "Оплата для Сидоров Алексей Петрович", "id": "313bd12c-000f-5000-b000-14a112938ed8", "metadata": {"cms_name": "yookassa_sdk_python"}, "paid": false, "recipient": {"account_id": "1290955", "gateway_id": "2665921"}, "refundable": false, "status": "pending", "test": true}
2026-03-05 18:29:17 [INFO   ] Браузер открыт с URL: https://yoomoney.ru/checkout/payments/v2/contract?orderId=313bd12c-000f-5000-b000-14a112938ed8
2026-03-05 18:29:17 [INFO   ] Ожидание завершения платежа 313bd12c-000f-5000-b000-14a112938ed8 (таймаут: 300 сек)
2026-03-05 18:29:18 [DEBUG  ] Поллинг #1 (0 сек): статус=pending
2026-03-05 18:29:22 [DEBUG  ] Поллинг #2 (4 сек): статус=pending
2026-03-05 18:29:25 [DEBUG  ] Поллинг #3 (8 сек): статус=pending
2026-03-05 18:29:29 [DEBUG  ] Поллинг #4 (11 сек): статус=pending
2026-03-05 18:29:33 [DEBUG  ] Поллинг #5 (15 сек): статус=pending
2026-03-05 18:29:37 [DEBUG  ] Поллинг #6 (19 сек): статус=pending
2026-03-05 18:29:40 [DEBUG  ] Поллинг #7 (23 сек): статус=pending
2026-03-05 18:29:44 [DEBUG  ] Поллинг #8 (26 сек): статус=pending
2026-03-05 18:29:48 [DEBUG  ] Поллинг #9 (30 сек): статус=pending
2026-03-05 18:29:51 [DEBUG  ] Поллинг #10 (34 сек): статус=pending
2026-03-05 18:29:55 [DEBUG  ] Поллинг #11 (37 сек): статус=pending
2026-03-05 18:29:59 [DEBUG  ] Поллинг #12 (41 сек): статус=succeeded
2026-03-05 18:29:59 [INFO   ] Финальный статус: succeeded (после 41 сек, 12 запросов)
2026-03-05 18:29:59 [INFO   ] УСПЕХ: платёж 313bd12c-000f-5000-b000-14a112938ed8, сумма 2500.00 RUB
2026-03-05 18:29:59 [INFO   ] Ожидание callback от браузера (до 60 сек)...
2026-03-05 18:30:05 [INFO   ] Callback получен: path=/callback, params={}, от ('127.0.0.1', 53563)
2026-03-05 18:30:05 [DEBUG  ] HTTP: "GET /callback HTTP/1.1" 200 -
2026-03-05 18:30:05 [INFO   ] Callback получен — браузер вернулся на callback-страницу
2026-03-05 18:30:05 [INFO   ] Callback-сервер остановлен
2026-03-05 18:30:05 [INFO   ] Сессия завершена
