2026-03-04 18:17:55 | main         | INFO    | Лог-файл: C:\Users\oleg\Documents\GitHub\Magint_cli\magnit_delivery\logs\magnit_2026-03-04_181755.log
2026-03-04 18:17:55 | main         | INFO    | Конфигурация загружена из C:\Users\oleg\Documents\GitHub\Magint_cli\magnit_delivery\config.json
2026-03-04 18:17:55 | magnit_api   | INFO    | Запрос OAuth-токена: POST https://b2b-api.magnit.ru/api/v2/oauth/token
2026-03-04 18:17:55 | magnit_api   | DEBUG   | Payload: client_id=a3fc5459-781c-47e8-b9c9-b9d6622053ae, scope=openid magnit-post:orders magnit-post:pickup-points, grant_type=client_credentials
2026-03-04 18:17:56 | magnit_api   | INFO    | Ответ авторизации: 200 (0.87 сек)
2026-03-04 18:17:56 | magnit_api   | DEBUG   | Тело ответа: {"access_token":"eyJhbGciOiJSUzI1NiIsImtpZCI6IjdhYmU1NjNkLThhZTItNDZlYS1iOWEyLTRhNTdkMjk0YjczZSIsInR5cCI6IkpXVCJ9.eyJhdWQiOltdLCJjbGllbnRfaWQiOiJhM2ZjNTQ1OS03ODFjLTQ3ZTgtYjljOS1iOWQ2NjIyMDUzYWUiLCJleHAiOjE3NzI2NDgyNzUsImV4dCI6eyJwYXJ0bmVyX2lkIjoiMjA3ZGI3YmMtNWRiYS00NzUxLTkwYWMtMzA3M2U3ZDNhZmVlIn0sImlhdCI6MTc3MjY0NDY3NSwiaXNzIjoicGFydG5lci1iMmItYXV0aCIsImp0aSI6IjdjODFkZjkwLWFkYmYtNDA5ZS1iMWZjLTFmMzM2YTE2ODIwNSIsInBhcnRuZXJfaWQiOiIyMDdkYjdiYy01ZGJhLTQ3NTEtOTBhYy0zMDczZTdkM2FmZWUiLCJzY3AiOlsib3Blbm
2026-03-04 18:17:56 | magnit_api   | INFO    | Токен получен, действителен 3599 сек
2026-03-04 18:17:56 | magnit_api   | INFO    | Запрос списка складов...
2026-03-04 18:17:56 | magnit_api   | DEBUG   | Используем кешированный токен (истекает через 3599 сек)
2026-03-04 18:17:56 | magnit_api   | INFO    | → GET https://b2b-api.magnit.ru/api/v1/magnit-post/warehouses
2026-03-04 18:17:56 | magnit_api   | DEBUG   |   Params: None
2026-03-04 18:17:56 | magnit_api   | DEBUG   |   Headers: {'User-Agent': 'python-requests/2.32.5', 'Accept-Encoding': 'gzip, deflate', 'Accept': 'application/json', 'Connection': 'keep-alive', 'Authorization': 'Bearer eyJhbGc***'}
2026-03-04 18:17:56 | magnit_api   | INFO    | ← 200 https://b2b-api.magnit.ru/api/v1/magnit-post/warehouses (0.16 сек)
2026-03-04 18:17:56 | magnit_api   | DEBUG   |   Тело ответа (448 байт): [{"address":"Духовской переулок, 17с11, Москва","coordinates":{"latitude":55.704524,"longitude":37.61538},"warehouse_id":"42769f97-fd27-41c5-be86-a8bd3a9b0bed","warehouse_name":"Москва"},{"address":"Витебский проспект, 11литЗ, Санкт-Петербург","coordinates":{"latitude":59.8764,"longitude":30.348432},"warehouse_id":"b91366cf-e031-49f9-b875-1d3e0b20983b","warehouse_name":"СПБ"}]

2026-03-04 18:17:56 | magnit_api   | INFO    | Получено складов: 2
2026-03-04 18:17:56 | magnit_api   | DEBUG   |   Склад: 42769f97-fd27-41c5-be86-a8bd3a9b0bed — Москва (Духовской переулок, 17с11, Москва)
2026-03-04 18:17:56 | magnit_api   | DEBUG   |   Склад: b91366cf-e031-49f9-b875-1d3e0b20983b — СПБ (Витебский проспект, 11литЗ, Санкт-Петербург)
2026-03-04 18:17:57 | main         | INFO    | Выбран склад: 42769f97-fd27-41c5-be86-a8bd3a9b0bed (Москва) — Духовской переулок, 17с11, Москва
2026-03-04 18:17:57 | main         | INFO    | Определяем город отправки из адреса склада: Духовской переулок, 17с11, Москва
2026-03-04 18:17:57 | dadata_api   | INFO    | Свободный поиск адреса: 'Духовской переулок, 17с11, Москва'
2026-03-04 18:17:57 | dadata_api   | INFO    | → POST https://suggestions.dadata.ru/suggestions/api/4_1/rs/suggest/address
2026-03-04 18:17:57 | dadata_api   | DEBUG   |   Body: {"query": "Духовской переулок, 17с11, Москва", "count": 1}
2026-03-04 18:17:57 | dadata_api   | DEBUG   |   Headers: {'User-Agent': 'python-requests/2.32.5', 'Accept-Encoding': 'gzip, deflate', 'Accept': 'application/json', 'Connection': 'keep-alive', 'Content-Type': 'application/json', 'Authorization': 'Token ***', 'X-Secret': '41bd32***'}
2026-03-04 18:17:58 | dadata_api   | INFO    | ← 200 DaData (0.58 сек)
2026-03-04 18:17:58 | dadata_api   | DEBUG   |   Ответ (2650 байт): {"suggestions":[{"value":"г Москва, Духовской пер, д 17 стр 11","unrestricted_value":"115191, г Москва, Донской р-н, Духовской пер, д 17 стр 11","data":{"postal_code":"115191","country":"Россия","country_iso_code":"RU","federal_district":"Центральный","region_fias_id":"0c5b2444-70a0-4932-980c-b4dc0d3f02b5","region_kladr_id":"7700000000000","region_iso_code":"RU-MOW","region_with_type":"г Москва","region_type":"г","region_type_full":"город","region":"Москва","area_fias_id":null,"area_kladr_id":null,"area_with_type":null,"area_type":null,"area_type_full":null,"area":null,"city_fias_id":"0c5b2444-70a0-4932-980c-b4dc0d3f02b5","city_kladr_id":"7700000000000","city_with_type":"г Москва","city_type":"г","city_type_full":"город","city":"Москва","city_area":"Южный","city_district_fias_id":null,"city_district_kladr_id":null,"city_district_with_type":"Донской р-н","city_district_type":"р-н","city_district_type_full":"район","city_district":"Донской","settlement_fias_id":null,"settlement_kladr_id":null,"settlement_with_type":null,"settlement_type":null,"settlement_type_full":null,"settlement":null,"street_fias_id":"682a0279-76a5-4133-9042-d780f1ffa189","street_kladr_id":"77000000000125300","street_with_type":"Духовской пер","street_type":"пер","street_type_full":"переулок","street":"Духовской","stead_fias_id":null,"stead_cadnum":null,"stead_type":null,"stead_type_full":null,"stead":null,"house_fias_id":"083050fc-3531-4dd1-b2c9-daf0b6c88f70","house_kladr_id":"7700000000012530023","house_cadnum":null,"house_flat_count":null,"house_type":"д","house_type_full":"дом","house":"17","block_type":"стр","block_type_full":"строение","block":"11","entrance":null,"floor":null,"flat_fias_id":null,"flat_cadnum":null,"flat_type":null,"flat_type_full":null,"flat":null,"flat_area":null,"square_meter_price":null,"flat_price":null,"room_fias_id":null,"room_cadnum":null,"room_type":null,"room_type_full":null,"room":null,"postal_box":null,"fias_id":"083050fc-3531-4dd1-b2c9-daf0b6c88f70","fias_code":
2026-03-04 18:17:58 | dadata_api   | INFO    |   Получено вариантов: 1
2026-03-04 18:17:58 | main         | INFO    | Город отправки определён: Москва
2026-03-04 18:18:01 | dadata_api   | INFO    | Поиск города: 'паус'
2026-03-04 18:18:01 | dadata_api   | INFO    | → POST https://suggestions.dadata.ru/suggestions/api/4_1/rs/suggest/address
2026-03-04 18:18:01 | dadata_api   | DEBUG   |   Body: {"query": "паус", "count": 15, "from_bound": {"value": "city"}, "to_bound": {"value": "city"}}
2026-03-04 18:18:01 | dadata_api   | DEBUG   |   Headers: {'User-Agent': 'python-requests/2.32.5', 'Accept-Encoding': 'gzip, deflate', 'Accept': 'application/json', 'Connection': 'keep-alive', 'Content-Type': 'application/json', 'Authorization': 'Token ***', 'X-Secret': '41bd32***'}
2026-03-04 18:18:02 | dadata_api   | INFO    | ← 200 DaData (0.09 сек)
2026-03-04 18:18:02 | dadata_api   | DEBUG   |   Ответ (18 байт): {"suggestions":[]}
2026-03-04 18:18:02 | dadata_api   | INFO    |   Получено вариантов: 0
2026-03-04 18:18:11 | dadata_api   | INFO    | Поиск города: 'Москва'
2026-03-04 18:18:11 | dadata_api   | INFO    | → POST https://suggestions.dadata.ru/suggestions/api/4_1/rs/suggest/address
2026-03-04 18:18:11 | dadata_api   | DEBUG   |   Body: {"query": "Москва", "count": 15, "from_bound": {"value": "city"}, "to_bound": {"value": "city"}}
2026-03-04 18:18:11 | dadata_api   | DEBUG   |   Headers: {'User-Agent': 'python-requests/2.32.5', 'Accept-Encoding': 'gzip, deflate', 'Accept': 'application/json', 'Connection': 'keep-alive', 'Content-Type': 'application/json', 'Authorization': 'Token ***', 'X-Secret': '41bd32***'}
2026-03-04 18:18:11 | dadata_api   | INFO    | ← 200 DaData (0.09 сек)
2026-03-04 18:18:11 | dadata_api   | DEBUG   |   Ответ (2305 байт): {"suggestions":[{"value":"г Москва","unrestricted_value":"101000, г Москва","data":{"postal_code":"101000","country":"Россия","country_iso_code":"RU","federal_district":"Центральный","region_fias_id":"0c5b2444-70a0-4932-980c-b4dc0d3f02b5","region_kladr_id":"7700000000000","region_iso_code":"RU-MOW","region_with_type":"г Москва","region_type":"г","region_type_full":"город","region":"Москва","area_fias_id":null,"area_kladr_id":null,"area_with_type":null,"area_type":null,"area_type_full":null,"area":null,"city_fias_id":"0c5b2444-70a0-4932-980c-b4dc0d3f02b5","city_kladr_id":"7700000000000","city_with_type":"г Москва","city_type":"г","city_type_full":"город","city":"Москва","city_area":null,"city_district_fias_id":null,"city_district_kladr_id":null,"city_district_with_type":null,"city_district_type":null,"city_district_type_full":null,"city_district":null,"settlement_fias_id":null,"settlement_kladr_id":null,"settlement_with_type":null,"settlement_type":null,"settlement_type_full":null,"settlement":null,"street_fias_id":null,"street_kladr_id":null,"street_with_type":null,"street_type":null,"street_type_full":null,"street":null,"stead_fias_id":null,"stead_cadnum":null,"stead_type":null,"stead_type_full":null,"stead":null,"house_fias_id":null,"house_kladr_id":null,"house_cadnum":null,"house_flat_count":null,"house_type":null,"house_type_full":null,"house":null,"block_type":null,"block_type_full":null,"block":null,"entrance":null,"floor":null,"flat_fias_id":null,"flat_cadnum":null,"flat_type":null,"flat_type_full":null,"flat":null,"flat_area":null,"square_meter_price":null,"flat_price":null,"room_fias_id":null,"room_cadnum":null,"room_type":null,"room_type_full":null,"room":null,"postal_box":null,"fias_id":"0c5b2444-70a0-4932-980c-b4dc0d3f02b5","fias_code":null,"fias_level":"1","fias_actuality_state":"0","kladr_id":"7700000000000","geoname_id":"524901","capital_marker":"0","okato":"45000000000","oktmo":"45000000","tax_office":"7700","tax_office_legal":"7700","timezone":null,
2026-03-04 18:18:11 | dadata_api   | INFO    |   Получено вариантов: 1
2026-03-04 18:18:13 | main         | INFO    | Выбран город доставки: Москва (ФИАС: 0c5b2444-70a0-4932-980c-b4dc0d3f02b5, регион: г Москва)
2026-03-04 18:18:16 | dadata_api   | INFO    | Поиск улицы: 'паус' (city_fias_id=0c5b2444-70a0-4932-980c-b4dc0d3f02b5)
2026-03-04 18:18:16 | dadata_api   | INFO    | → POST https://suggestions.dadata.ru/suggestions/api/4_1/rs/suggest/address
2026-03-04 18:18:16 | dadata_api   | DEBUG   |   Body: {"query": "паус", "count": 15, "from_bound": {"value": "street"}, "to_bound": {"value": "street"}, "locations": [{"city_fias_id": "0c5b2444-70a0-4932-980c-b4dc0d3f02b5"}]}
2026-03-04 18:18:16 | dadata_api   | DEBUG   |   Headers: {'User-Agent': 'python-requests/2.32.5', 'Accept-Encoding': 'gzip, deflate', 'Accept': 'application/json', 'Connection': 'keep-alive', 'Content-Type': 'application/json', 'Authorization': 'Token ***', 'X-Secret': '41bd32***'}
2026-03-04 18:18:16 | dadata_api   | INFO    | ← 200 DaData (0.09 сек)
2026-03-04 18:18:16 | dadata_api   | DEBUG   |   Ответ (2524 байт): {"suggestions":[{"value":"г Москва, ул Паустовского","unrestricted_value":"117463, г Москва, р-н Ясенево, ул Паустовского","data":{"postal_code":"117463","country":"Россия","country_iso_code":"RU","federal_district":"Центральный","region_fias_id":"0c5b2444-70a0-4932-980c-b4dc0d3f02b5","region_kladr_id":"7700000000000","region_iso_code":"RU-MOW","region_with_type":"г Москва","region_type":"г","region_type_full":"город","region":"Москва","area_fias_id":null,"area_kladr_id":null,"area_with_type":null,"area_type":null,"area_type_full":null,"area":null,"city_fias_id":"0c5b2444-70a0-4932-980c-b4dc0d3f02b5","city_kladr_id":"7700000000000","city_with_type":"г Москва","city_type":"г","city_type_full":"город","city":"Москва","city_area":"Юго-западный","city_district_fias_id":null,"city_district_kladr_id":null,"city_district_with_type":null,"city_district_type":null,"city_district_type_full":null,"city_district":null,"settlement_fias_id":null,"settlement_kladr_id":null,"settlement_with_type":null,"settlement_type":null,"settlement_type_full":null,"settlement":null,"street_fias_id":"10d94e16-0f76-425f-93c4-63fd5ad24784","street_kladr_id":"77000000000223100","street_with_type":"ул Паустовского","street_type":"ул","street_type_full":"улица","street":"Паустовского","stead_fias_id":null,"stead_cadnum":null,"stead_type":null,"stead_type_full":null,"stead":null,"house_fias_id":null,"house_kladr_id":null,"house_cadnum":null,"house_flat_count":null,"house_type":null,"house_type_full":null,"house":null,"block_type":null,"block_type_full":null,"block":null,"entrance":null,"floor":null,"flat_fias_id":null,"flat_cadnum":null,"flat_type":null,"flat_type_full":null,"flat":null,"flat_area":null,"square_meter_price":null,"flat_price":null,"room_fias_id":null,"room_cadnum":null,"room_type":null,"room_type_full":null,"room":null,"postal_box":null,"fias_id":"10d94e16-0f76-425f-93c4-63fd5ad24784","fias_code":null,"fias_level":"7","fias_actuality_state":"0","kladr_id":"77000000000223100","geoname_i
2026-03-04 18:18:16 | dadata_api   | INFO    |   Получено вариантов: 1
2026-03-04 18:18:17 | main         | INFO    | Выбрана улица: ул Паустовского (ФИАС: 10d94e16-0f76-425f-93c4-63fd5ad24784)
2026-03-04 18:18:22 | dadata_api   | INFO    | Поиск дома: '8' (street_fias_id=10d94e16-0f76-425f-93c4-63fd5ad24784)
2026-03-04 18:18:22 | dadata_api   | INFO    | → POST https://suggestions.dadata.ru/suggestions/api/4_1/rs/suggest/address
2026-03-04 18:18:22 | dadata_api   | DEBUG   |   Body: {"query": "8", "count": 15, "from_bound": {"value": "house"}, "to_bound": {"value": "house"}, "locations": [{"street_fias_id": "10d94e16-0f76-425f-93c4-63fd5ad24784"}]}
2026-03-04 18:18:22 | dadata_api   | DEBUG   |   Headers: {'User-Agent': 'python-requests/2.32.5', 'Accept-Encoding': 'gzip, deflate', 'Accept': 'application/json', 'Connection': 'keep-alive', 'Content-Type': 'application/json', 'Authorization': 'Token ***', 'X-Secret': '41bd32***'}
2026-03-04 18:18:22 | dadata_api   | INFO    | ← 200 DaData (0.09 сек)
2026-03-04 18:18:22 | dadata_api   | DEBUG   |   Ответ (15632 байт): {"suggestions":[{"value":"г Москва, ул Паустовского, д 8 к 1","unrestricted_value":"117463, г Москва, р-н Ясенево, ул Паустовского, д 8 к 1","data":{"postal_code":"117463","country":"Россия","country_iso_code":"RU","federal_district":"Центральный","region_fias_id":"0c5b2444-70a0-4932-980c-b4dc0d3f02b5","region_kladr_id":"7700000000000","region_iso_code":"RU-MOW","region_with_type":"г Москва","region_type":"г","region_type_full":"город","region":"Москва","area_fias_id":null,"area_kladr_id":null,"area_with_type":null,"area_type":null,"area_type_full":null,"area":null,"city_fias_id":"0c5b2444-70a0-4932-980c-b4dc0d3f02b5","city_kladr_id":"7700000000000","city_with_type":"г Москва","city_type":"г","city_type_full":"город","city":"Москва","city_area":"Юго-западный","city_district_fias_id":null,"city_district_kladr_id":null,"city_district_with_type":null,"city_district_type":null,"city_district_type_full":null,"city_district":null,"settlement_fias_id":null,"settlement_kladr_id":null,"settlement_with_type":null,"settlement_type":null,"settlement_type_full":null,"settlement":null,"street_fias_id":"10d94e16-0f76-425f-93c4-63fd5ad24784","street_kladr_id":"77000000000223100","street_with_type":"ул Паустовского","street_type":"ул","street_type_full":"улица","street":"Паустовского","stead_fias_id":null,"stead_cadnum":null,"stead_type":null,"stead_type_full":null,"stead":null,"house_fias_id":"8f8caab8-7177-46fa-ab6f-05fd02c98921","house_kladr_id":"7700000000022310022","house_cadnum":null,"house_flat_count":null,"house_type":"д","house_type_full":"дом","house":"8","block_type":"к","block_type_full":"корпус","block":"1","entrance":null,"floor":null,"flat_fias_id":null,"flat_cadnum":null,"flat_type":null,"flat_type_full":null,"flat":null,"flat_area":null,"square_meter_price":null,"flat_price":null,"room_fias_id":null,"room_cadnum":null,"room_type":null,"room_type_full":null,"room":null,"postal_box":null,"fias_id":"8f8caab8-7177-46fa-ab6f-05fd02c98921","fias_code":null,"fias_level":"8
2026-03-04 18:18:22 | dadata_api   | INFO    |   Получено вариантов: 6
2026-03-04 18:18:23 | main         | INFO    | Адрес клиента: г Москва, ул Паустовского, д 8 к 3 (lat=55.599954, lon=37.5363798)
2026-03-04 18:18:25 | main         | INFO    | Способ оплаты: already_paid
2026-03-04 18:18:25 | magnit_api   | INFO    | Запрос ПВЗ: город=Москва, страница=1, размер=1000
2026-03-04 18:18:25 | magnit_api   | DEBUG   | Используем кешированный токен (истекает через 3569 сек)
2026-03-04 18:18:25 | magnit_api   | INFO    | → GET https://b2b-api.magnit.ru/api/v1/magnit-post/pickup-points
2026-03-04 18:18:25 | magnit_api   | DEBUG   |   Params: {'page': 1, 'size': 1000, 'city': 'Москва'}
2026-03-04 18:18:25 | magnit_api   | DEBUG   |   Headers: {'User-Agent': 'python-requests/2.32.5', 'Accept-Encoding': 'gzip, deflate', 'Accept': 'application/json', 'Connection': 'keep-alive', 'Authorization': 'Bearer eyJhbGc***'}
2026-03-04 18:18:25 | magnit_api   | INFO    | ← 200 https://b2b-api.magnit.ru/api/v1/magnit-post/pickup-points (0.16 сек)
2026-03-04 18:18:25 | magnit_api   | DEBUG   |   Тело ответа (180436 байт): {"pager":{"currentPage":1,"pageSize":1000,"totalItems":297,"totalPages":1},"pickupPoints":[{"address":"г. Москва, ул. Верхняя, д. 3, корп. 2 (магазин Магнит)","city":"Москва","coordinates":{"latitude":55.776571,"longitude":37.574974},"index":"125040","key":"63553","name":"МСК%1","region":"Москва","type":"MAGNIT_HOME","workHours":[{"day":"MON","from":"07:00","till":"23:00"},{"day":"TUE","from":"07:00","till":"23:00"},{"day":"WED","from":"07:00","till":"23:00"},{"day":"THU","from":"07:00","till":"23:00"},{"day":"FRI","from":"07:00","till":"23:00"},{"day":"SAT","from":"07:00","till":"23:00"},{"day":"SUN","from":"07:00","till":"23:00"}]},{"address":"г. Москва, ул. Зорге, д. 1, корп. 2 (магазин Магнит)","city":"Москва","coordinates":{"latitude":55.778153,"longitude":37.51155},"index":"123308","key":"63556","name":"МСК%3","region":"Москва","type":"MAGNIT_HOME","workHours":[{"day":"MON","from":"08:00","till":"23:00"},{"day":"TUE","from":"08:00","till":"23:00"},{"day":"WED","from":"08:00","till":"23:00"},{"day":"THU","from":"08:00","till":"23:00"},{"day":"FRI","from":"08:00","till":"23:00"},{"day":"SAT","from":"08:00","till":"23:00"},{"day":"SUN","from":"08:00","till":"23:00"}]},{"address":"г. Москва, ул. Куусинена, д. 19, корп. 1 (магазин Магнит)","city":"Москва","coordinates":{"latitude":55.786476,"longitude":37.512237},"index":"125252","key":"63557","name":"МСК%4","region":"Москва","type":"MAGNIT_HOME","workHours":[{"day":"MON","from":"08:30","till":"22:30"},{"day":"TUE","from":"08:30","till":"22:30"},{"day":"WED","from":"08:30","till":"22:30"},{"day":"THU","from":"08:30","till":"22:30"},{"day":"FRI","from":"08:30","till":"22:30"},{"day":"SAT","from":"08:30","till":"22:30"},{"day":"SUN","from":"08:30","till":"22:30"}]},{"address":"г. Москва, ул. Фабрициуса, д. 22, корп. 1 (магазин Магнит)","city":"Москва","coordinates":{"latitude":55.843525,"longitude":37.444128},"index":"125363","key":"63558","name":"МСК%5","region":"Москва","type":"MAGNIT_HOME","workHours":[{"day":"MON
2026-03-04 18:18:25 | magnit_api   | INFO    | Получено ПВЗ на странице 1: 297
2026-03-04 18:18:25 | magnit_api   | INFO    | Всего ПВЗ загружено: 297
2026-03-04 18:18:27 | main         | INFO    | Выбран ПВЗ: key=64553, name=МСК%538, address=г. Москва, ул. Паустовского, д. 5, корп. 1 (Магнит Косметик)
2026-03-04 18:18:35 | main         | INFO    | Посылка: вес=3400 г, размер=L, ценность=5500.00 руб
2026-03-04 18:18:46 | main         | INFO    | Получатель: Шубин Олег , тел: +79165640299
2026-03-04 18:18:49 | magnit_api   | INFO    | Создание заказа: ПВЗ=64553, склад=42769f97-fd27-41c5-be86-a8bd3a9b0bed, order_id=ORD-LBM6-20260304-1GEU
2026-03-04 18:18:49 | magnit_api   | DEBUG   | Тело заказа: {
  "pickup_point": {
    "key": "64553"
  },
  "warehouse_id": "42769f97-fd27-41c5-be86-a8bd3a9b0bed",
  "customer_order_id": "ORD-LBM6-20260304-1GEU",
  "return_type": "return",
  "return_warehouse_id": "42769f97-fd27-41c5-be86-a8bd3a9b0bed",
  "recipient": {
    "phone_number": "+79165640299",
    "first_name": "Олег",
    "family_name": "Шубин"
  },
  "parcels": [
    {
      "declared_value": 5500.0,
      "characteristic": {
        "weight": 3400,
        "length": 450,
        "width": 300,
        "height": 200
      },
      "parcel_payment": {
        "billing_type": "already_paid"
      }
    }
  ]
}
2026-03-04 18:18:49 | magnit_api   | DEBUG   | Используем кешированный токен (истекает через 3546 сек)
2026-03-04 18:18:49 | magnit_api   | INFO    | → POST https://b2b-api.magnit.ru/api/v2/magnit-post/orders
2026-03-04 18:18:49 | magnit_api   | DEBUG   |   Params: None
2026-03-04 18:18:49 | magnit_api   | DEBUG   |   Body: {
  "pickup_point": {
    "key": "64553"
  },
  "warehouse_id": "42769f97-fd27-41c5-be86-a8bd3a9b0bed",
  "customer_order_id": "ORD-LBM6-20260304-1GEU",
  "return_type": "return",
  "return_warehouse_id": "42769f97-fd27-41c5-be86-a8bd3a9b0bed",
  "recipient": {
    "phone_number": "+79165640299",
    "first_name": "Олег",
    "family_name": "Шубин"
  },
  "parcels": [
    {
      "declared_value": 5500.0,
      "characteristic": {
        "weight": 3400,
        "length": 450,
        "width": 300,
        "height": 200
      },
      "parcel_payment": {
        "billing_type": "already_paid"
      }
    }
  ]
}
2026-03-04 18:18:49 | magnit_api   | DEBUG   |   Headers: {'User-Agent': 'python-requests/2.32.5', 'Accept-Encoding': 'gzip, deflate', 'Accept': 'application/json', 'Connection': 'keep-alive', 'Authorization': 'Bearer eyJhbGc***'}
2026-03-04 18:18:49 | magnit_api   | INFO    | ← 201 https://b2b-api.magnit.ru/api/v2/magnit-post/orders (0.34 сек)
2026-03-04 18:18:49 | magnit_api   | DEBUG   |   Тело ответа (554 байт): {"customer_order_id":"ORD-LBM6-20260304-1GEU","parcels":[{"barcode":"ORD-LBM6-20260304-1GEU","characteristic":{"height":200,"length":450,"weight":3400,"width":300},"declared_value":5500,"id":"019cb9dc-0162-776a-a727-43d143f5ed4d"}],"pickup_point":{"key":"64553"},"recipient":{"family_name":"Шубин","first_name":"Олег","phone_number":"+79165640299"},"return_type":"return","return_warehouse_id":"42769f97-fd27-41c5-be86-a8bd3a9b0bed","tracking_number":"019cb9dc-0162-776a-a727-43d143f5ed4d","warehouse_id":"42769f97-fd27-41c5-be86-a8bd3a9b0bed"}

2026-03-04 18:18:49 | magnit_api   | INFO    | Заказ создан: {"customer_order_id": "ORD-LBM6-20260304-1GEU", "parcels": [{"barcode": "ORD-LBM6-20260304-1GEU", "characteristic": {"height": 200, "length": 450, "weight": 3400, "width": 300}, "declared_value": 5500, "id": "019cb9dc-0162-776a-a727-43d143f5ed4d"}], "pickup_point": {"key": "64553"}, "recipient": {"family_name": "Шубин", "first_name": "Олег", "phone_number": "+79165640299"}, "return_type": "return", "return_warehouse_id": "42769f97-fd27-41c5-be86-a8bd3a9b0bed", "tracking_number": "019cb9dc-0162-7
2026-03-04 18:18:49 | main         | INFO    | Заказ успешно создан: {"customer_order_id": "ORD-LBM6-20260304-1GEU", "parcels": [{"barcode": "ORD-LBM6-20260304-1GEU", "characteristic": {"height": 200, "length": 450, "weight": 3400, "width": 300}, "declared_value": 5500, "id": "019cb9dc-0162-776a-a727-43d143f5ed4d"}], "pickup_point": {"key": "64553"}, "recipient": {"family_name": "Шубин", "first_name": "Олег", "phone_number": "+79165640299"}, "return_type": "return", "return_warehouse_id": "42769f97-fd27-41c5-be86-a8bd3a9b0bed", "tracking_number": "019cb9dc-0162-776a-a727-43d143f5ed4d", "warehouse_id": "42769f97-fd27-41c5-be86-a8bd3a9b0bed"}
